../../cache/uploads/906-8056345097.jpg
../../cache/uploads/395-8344416092.png
../../cache/uploads/842-6255636252.png
../../cache/uploads/696-386042245.png
../../cache/uploads/1016-4440575907.pdf
UPDATE m_services SET tracking_out = ' 	1ZX1F6859090200462 ', type = 'warrenty', status = 'inhouse', priority = '1', due_date = '', issue = 'hi misti,happy new year.\r\nthe memory issue on my board still persist(always have 5 led bar on every time i turn on the board ).it have been over 10 cycle charge since the last email you sent to me.i would like to send the board back for firmware update and also please check the drive belt cause is not align and a little off with the wheel hub.there is also one of the belt cover screw is stripe.please send me a return label.\r\nthank you misti and the marbel team.', suggested_response = '', suggested_response_admin_id = '', suggested_response_date = '1453481582' WHERE id = '6';
UPDATE m_services SET tracking_out = ' 	1ZX1F6859090200462 ', type = 'warrenty', status = 'inhouse', priority = '1', due_date = '', issue = 'hi misti,happy new year.\r\nthe memory issue on my board still persist(always have 5 led bar on every time i turn on the board ).it have been over 10 cycle charge since the last email you sent to me.i would like to send the board back for firmware update and also please check the drive belt cause is not align and a little off with the wheel hub.there is also one of the belt cover screw is stripe.please send me a return label.\r\nthank you misti and the marbel team.', suggested_response = '', suggested_response_admin_id = '0', suggested_response_date = '0' WHERE id = '6';
../../cache/uploads/916-9994538412.mp4
../../cache/uploads/698-9300436330.jpg
../../cache/uploads/770-4965403610.pdf
../../cache/uploads/1365-2772567695.jpeg
../../cache/uploads/1079-436883443.png
../../cache/uploads/1308-4909225311.png
../../cache/uploads/884-475832088.mp4
../../cache/uploads/165-331562571.png
../../cache/uploads/1209-3806662606.png
../../cache/uploads/799-9476252309.jpg
../../cache/uploads/165-2433489384.png
../../cache/uploads/698-540815573.jpg
../../cache/uploads/772-4366798726.jpg
../../cache/uploads/1511-4327849922.jpeg
../../cache/uploads/813-8268384221.jpg
../../cache/uploads/1374-7305076057.png
../../cache/uploads/1626-9143481589.jpg
../../cache/uploads/1218-259337658.png
../../cache/uploads/165-287763248.png
../../cache/uploads/1042-8330124369.jpg
../../cache/uploads/1495-2213531527.png
../../cache/uploads/1099-8064087447.jpg
../../cache/uploads/451-8561294134.png
../../cache/uploads/1105-8803997314.jpg
../../cache/uploads/1042-7127444641.jpg
../../cache/uploads/1365-7525178804.png
../../cache/uploads/1014-6956836837.png
