Added rafael humberto - mendozaramirez24@gmail.com to our db
Added  cox - a@gmail.com to our db
Added Order 2022|ted@senseengineering.com|2022|3035 Crescentview Drive||North Vancouver|British Columbia|V7R2V2|CA|1399.00|cancelled to our db
Updated Order 2022|ted@senseengineering.com|2022|3035 Crescentview Drive||North Vancouver|British Columbia|V7R2V2|CA|1399.00|cancelled to our db
Added Philip Van Schepen - pcvanschepen@gmail.com to our db
Added Order 2023|marbel@donvincenzo.com|2023|211 corniche road, PO Box 3600|17th floor|Abu Dhabi|Abu Dhabi|56170|AE|800.00|cancelled to our db
Updated Order 2023|marbel@donvincenzo.com|2023|211 corniche road, PO Box 3600|17th floor|Abu Dhabi|Abu Dhabi|56170|AE|800.00|cancelled to our db
Added Rizky Budiman - rzkbudiman@gmail.com to our db
Added toti cokii - kingjame@yahoo.com to our db
Added Guillaume Eymery - g.eymery@gmail.com to our db
Added Ming-Haw Chang - 0910203849mhc@gmail.com to our db
Added F S - etfgd@gmail.com to our db
Added samuel garsia - cr7oknoxD@yahoo.com to our db
Added lawrence simon - lawrence.simon@sydstu.catholic.edu.au to our db
Added Sai Kishore Reddy Aenga Reddy - askr21@gmail.com to our db
Added Order 2024|askr21@gmail.com|2024|3220 Geary Blvd|205|San Francisco|California|94118|US|1449.00|cancelled to our db
Updated Order 2024|askr21@gmail.com|2024|3220 Geary Blvd|205|San Francisco|California|94118|US|1449.00|cancelled to our db
Added Guest  Name - dibarrondo4@gmail.com to our db
Added Phongsathorn Roskam - first2204@gmail.com to our db
Added Order 1422025|bradleyyyboy@gmail.com|2025|6 Cornwall Road||Singapore||119668|SG|800.00|balance to our db
Updated Order 2025|bradleyyyboy@gmail.com|2025|6 Cornwall Road||Singapore||119668|SG|800.00|balance to our db
Added Eli Gamez - p.u.s.h47@hotmail.com to our db
Added Jacob Azzarello - jacob.azzarello2699@gmail.com to our db
Added Shaun McKinlay - shaunmckinlay@me.com to our db
Added Rico Reyes - Rrreyes9@yahoo.com to our db
Added  Tsamantanis - philip.tsamantanis@gmail.com to our db
Added Order 1422026|lmodlin4@yahoo.com|2026|457 FDR DRIVE|Apt. A703|New York|New York|10002|US|83.90|balance to our db
Updated Order 2026|lmodlin4@yahoo.com|2026|457 FDR DRIVE|Apt. A703|New York|New York|10002|US|83.90|balance to our db
Added Order 1422027|kevinlien@me.com|2027|2755 Belmont Ct||Brea|California|92821|US|38.85|balance to our db
Updated Order 2027|kevinlien@me.com|2027|2755 Belmont Ct||Brea|California|92821|US|38.85|balance to our db
Added Order 1422028|cjpokorski1@gmail.com|2028|1521 Hansen Street||Sarasota|Florida|34231|US|1550.38|balance to our db
Updated Order 2028|cjpokorski1@gmail.com|2028|1521 Hansen Street||Sarasota|Florida|34231|US|1550.38|balance to our db
Added Order 1422029|ndhingra9@yahoo.com|2029|5595 Kietzke Lane Suite 116||Reno|Nevada|89511|US|800.00|balance to our db
Updated Order 2029|ndhingra9@yahoo.com|2029|5595 Kietzke Lane Suite 116||Reno|Nevada|89511|US|800.00|balance to our db
Added Order 1422030|pxpky@yahoo.com|2030|1355 Stabler Ln|22|Yuba City|California|95993|US|1449.00|balance to our db
Updated Order 2030|pxpky@yahoo.com|2030|1355 Stabler Ln|22|Yuba City|California|95993|US|1449.00|balance to our db
Added Order 1422031|forcor@gmail.com|2031|15617 NE Airport Way|4PX DENZDMA|Portland|Oregon|97230-4497|US|1424.00|balance to our db
Updated Order 2031|forcor@gmail.com|2031|15617 NE Airport Way|4PX DENZDMA|Portland|Oregon|97230-4497|US|1424.00|balance to our db
Added Order 1422032|secretlyapotato@gmail.com|2032|125 coolspring ct||danville|California|94506|US|1449.00|balance to our db
Updated Order 2032|secretlyapotato@gmail.com|2032|125 coolspring ct||danville|California|94506|US|1449.00|balance to our db
Added Order 1422033|saboo612@gmail.com|2033|709 west 34th st||minneapolis|Minnesota|55408|US|800.00|balance to our db
Updated Order 2033|saboo612@gmail.com|2033|709 west 34th st||minneapolis|Minnesota|55408|US|800.00|balance to our db
Added Order 1422034|andyfdz7@icloud.com|2034|1111 Brickell Avenue|Suite 23000|Miami|Florida|33131|US|1550.43|balance to our db
Updated Order 2034|andyfdz7@icloud.com|2034|1111 Brickell Avenue|Suite 23000|Miami|Florida|33131|US|1550.43|balance to our db
Added Order 1422035|chrishwright2000@gmail.com|2035|2646 Tuscany Ct||Livermore|California|94550|US|800.00|balance to our db
Updated Order 2035|chrishwright2000@gmail.com|2035|2646 Tuscany Ct||Livermore|California|94550|US|800.00|balance to our db
Added Order 1422036|pointtoni@yahoo.com|2036|434 West 19th St.|Apt 7B|NEW YORK|New York|10011|US|1438.95|balance to our db
Updated Order 2036|pointtoni@yahoo.com|2036|434 West 19th St.|Apt 7B|NEW YORK|New York|10011|US|1438.95|balance to our db
Added Order 1422037|prof.justus@gmail.com|2037|||||||800.00|balance to our db
Updated Order 2037|prof.justus@gmail.com|2037|||||||800.00|balance to our db
Added Order 1422038|remi_saidi@hotmail.com|2038|8 rue de marignan|B3657 1st floor|Paris||75008|FR|1399.00|balance to our db
Updated Order 2038|remi_saidi@hotmail.com|2038|8 rue de marignan|B3657 1st floor|Paris||75008|FR|1399.00|balance to our db
Added Order 1422039|fukurow.ishikawa@gmail.com|2039|Nishiazabu 1-15-10, Minato-ku|Park View Nishiazabu 401|Tokyo||106-0031|JP|24.95|balance to our db
Updated Order 2039|fukurow.ishikawa@gmail.com|2039|Nishiazabu 1-15-10, Minato-ku|Park View Nishiazabu 401|Tokyo||106-0031|JP|24.95|balance to our db
Added Order 1422040|isophia.han@gmail.com|2040|1400 Wisteria Ave||La Habra|California|90631|US|1424.00|balance to our db
Updated Order 2040|isophia.han@gmail.com|2040|1400 Wisteria Ave||La Habra|California|90631|US|1424.00|balance to our db
Added Order 1422041|sui0@odeny.net|2041|2955 20thAve||SanFrancisco|California|94132|US|1424.00|balance to our db
Updated Order 2041|sui0@odeny.net|2041|2955 20thAve||SanFrancisco|California|94132|US|1424.00|balance to our db
Added Order 1422042|omar.elfanek@gmail.com|2042|610 West 42nd Street|N-47-C|New York|New York|10036|US|1449.00|balance to our db
Updated Order 2042|omar.elfanek@gmail.com|2042|610 West 42nd Street|N-47-C|New York|New York|10036|US|1449.00|balance to our db
Added Order 1422043|zaid.elfanek@gmail.com|2043|2000 N Street|1021|Washington|Washington DC|20036|US|1449.00|balance to our db
Updated Order 2043|zaid.elfanek@gmail.com|2043|2000 N Street|1021|Washington|Washington DC|20036|US|1449.00|balance to our db
Added Order 1422044|arindavidian@yahoo.com|2044|11001 sevenhills dr||Tujunga|California|91042|US|1424.00|balance to our db
Updated Order 2044|arindavidian@yahoo.com|2044|11001 sevenhills dr||Tujunga|California|91042|US|1424.00|balance to our db
Added Order 1422045|zaid.elfanek@gmail.com|2045|2000 N Street|1021|Washington|Washington DC|20036|US|58.85|balance to our db
Updated Order 2045|zaid.elfanek@gmail.com|2045|2000 N Street|1021|Washington|Washington DC|20036|US|58.85|balance to our db
Added Order 1422046|BRIANJOHN@BBPLUMBINGINC.COM|2046|167 N. Paseo Rio Moreno||Anaheim|California|92807|US|1449.00|balance to our db
Updated Order 2046|BRIANJOHN@BBPLUMBINGINC.COM|2046|167 N. Paseo Rio Moreno||Anaheim|California|92807|US|1449.00|balance to our db
Added Order 1422047|michael.long@erac.com|2047|607 Hunters Lane||Brentwood|Tennessee|37027|US|1449.00|balance to our db
Updated Order 2047|michael.long@erac.com|2047|607 Hunters Lane||Brentwood|Tennessee|37027|US|1449.00|balance to our db
Added Order 1422048|ijc@thejacksongrp.com|2048|2111 E 3RD ST||BROOKLYN|New York|11223|US|49.85|balance to our db
Updated Order 2048|ijc@thejacksongrp.com|2048|2111 E 3RD ST||BROOKLYN|New York|11223|US|49.85|balance to our db
Added Order 1422049|alex@fair-wind.com|2049|78-6775 Makenawai St||Kailua Kona|Hawaii|96740|US|1449.00|balance to our db
Updated Order 2049|alex@fair-wind.com|2049|78-6775 Makenawai St||Kailua Kona|Hawaii|96740|US|1449.00|balance to our db
Added Order 1422050|kevinklinkmuler@me.com|2050|Cafe Nisse / Simply Tek, 11 wind street||Swansea||SA11DP|GB|1399.00|balance to our db
Updated Order 2050|kevinklinkmuler@me.com|2050|Cafe Nisse / Simply Tek, 11 wind street||Swansea||SA11DP|GB|1399.00|balance to our db
Added Order 1422051|erik.granholm@relexsolutions.com|2051|Talontie 1 A 6||Helsinki||00320|FI|800.00|balance to our db
Updated Order 2051|erik.granholm@relexsolutions.com|2051|Talontie 1 A 6||Helsinki||00320|FI|800.00|balance to our db
Added Order 1422052|robbyknevil@gmail.com|2052|1128 Topaz Ave ||San jose |California|95117|US|1449.00|balance to our db
Updated Order 2052|robbyknevil@gmail.com|2052|1128 Topaz Ave ||San jose |California|95117|US|1449.00|balance to our db
Added Order 1422053|robolson73@gmail.com|2053|1129 Nirvana Rd||Santa Barbara|California|93101|US|139.70|balance to our db
Updated Order 2053|robolson73@gmail.com|2053|1129 Nirvana Rd||Santa Barbara|California|93101|US|139.70|balance to our db
Added Order 1422054|kmt010@gmail.com|2054|||||||800.00|balance to our db
Updated Order 2054|kmt010@gmail.com|2054|||||||800.00|balance to our db
Added Order 1422055|hardy-trachsel@hispeed.ch|2055|Schwandistrasse 25||Frutigen||3714|CH|2863.90|balance to our db
Updated Order 2055|hardy-trachsel@hispeed.ch|2055|Schwandistrasse 25||Frutigen||3714|CH|2863.90|balance to our db
Added Order 1422056|jam199716@gmail.com|2056|3120 River Vale Court||Jacksonville|Florida|32207|US|1684.07|balance to our db
Updated Order 2056|jam199716@gmail.com|2056|3120 River Vale Court||Jacksonville|Florida|32207|US|1684.07|balance to our db
Added Order 1422057|cedbone1@hotmail.com|2057|4431 Indian River dr.||Cocoa|Florida|32927|US|1543.19|balance to our db
Updated Order 2057|cedbone1@hotmail.com|2057|4431 Indian River dr.||Cocoa|Florida|32927|US|1543.19|balance to our db
Added Order 1422058|eric@ericdeinzer.com|2058|1905 S. Bedford St.||Los Angeles|California|90034|US|1424.00|balance to our db
Updated Order 2058|eric@ericdeinzer.com|2058|1905 S. Bedford St.||Los Angeles|California|90034|US|1424.00|balance to our db
Added Order 1422059|dustincohen48@gmail.com|2059|2 Hickory Lane||Scarsdale|New York|10583|US|1449.00|balance to our db
Updated Order 2059|dustincohen48@gmail.com|2059|2 Hickory Lane||Scarsdale|New York|10583|US|1449.00|balance to our db
Added Order 1422060|c.duclair72@gmail.com|2060|5-1471 Rue Viau||Montreal|Quebec|H1V 3G8|CA|1424.00|balance to our db
Updated Order 2060|c.duclair72@gmail.com|2060|5-1471 Rue Viau||Montreal|Quebec|H1V 3G8|CA|1424.00|balance to our db
Added Order 1422061|theeducatedmind@gmail.com|2061|14601 N BYBEE LAKE CT STE SG-2243-7627||portland|Oregon|97203-6629|US|1424.00|balance to our db
Updated Order 2061|theeducatedmind@gmail.com|2061|14601 N BYBEE LAKE CT STE SG-2243-7627||portland|Oregon|97203-6629|US|1424.00|balance to our db
Added Order 1422062|jameshallick@yahoo.com|2062|6853 Ramsey RD||middleton|Wisconsin|53562|US|1449.00|balance to our db
Updated Order 2062|jameshallick@yahoo.com|2062|6853 Ramsey RD||middleton|Wisconsin|53562|US|1449.00|balance to our db
Added Order 1422063|alison_hitson@yahoo.co.uk|2063|102 britton street||kent||me7 5et|GB|1424.00|balance to our db
Updated Order 2063|alison_hitson@yahoo.co.uk|2063|102 britton street||kent||me7 5et|GB|1424.00|balance to our db
Added Order 1422064|joshuarallen@gmail.com|2064|13907 Maxfield rd||Jamul|California|91935|US|83.90|balance to our db
Updated Order 2064|joshuarallen@gmail.com|2064|13907 Maxfield rd||Jamul|California|91935|US|83.90|balance to our db
Updated Order 2065|erwanvion@yahoo.fr|2065|137 rue de Pontoise ||Auvers sur Oise ||95430|FR|970.00|balance to our db
Added Order 1422065|erwanvion@yahoo.fr|2065|137 rue de Pontoise ||Auvers sur Oise ||95430|FR|970.00|balance to our db
Added Order 1422066|christopher.j.shortall.mil@mail.mil|2066|102 Tobacco Rd||New Bern|North Carolina|28562|US|1449.00|balance to our db
Added Order 1422066|christopher.j.shortall.mil@mail.mil|2066|102 Tobacco Rd||New Bern|North Carolina|28562|US|1449.00|balance to our db
Added Order 1422076|tgoundreyjr@yahoo.com|2076|57 Reade Street|Apt. 6F|New York|New York|10007|US|83.90|balance to our db
Added Order 1422076|tgoundreyjr@yahoo.com|2076|57 Reade Street|Apt. 6F|New York|New York|10007|US|83.90|balance to our db
Added Order 1422077|austinriley91@gmail.com|2077|721 Lady Street|Unit B|Columbia|South Carolina|29201|US|23.90|balance to our db
Added Order 1422077|austinriley91@gmail.com|2077|721 Lady Street|Unit B|Columbia|South Carolina|29201|US|23.90|balance to our db
Added Order 1422079|hanako.raku@gmail.com|2079|1-4-3A, Yayoi-cho||Koshigaya-shi||3430816|JP|975.00|balance to our db
Added Order 1422079|hanako.raku@gmail.com|2079|1-4-3A, Yayoi-cho||Koshigaya-shi||3430816|JP|975.00|balance to our db
Added Order 1422079|hanako.raku@gmail.com|2079|1-4-3A, Yayoi-cho||Koshigaya-shi||3430816|JP|975.00|balance to our db
Added Order 1422079|hanako.raku@gmail.com|2079|1-4-3A, Yayoi-cho||Koshigaya-shi||3430816|JP|975.00|balance to our db
Added Order 1422079|hanako.raku@gmail.com|2079|1-4-3A, Yayoi-cho||Koshigaya-shi||3430816|JP|975.00|balance to our db
Added Order 1422079|hanako.raku@gmail.com|2079|1-4-3A, Yayoi-cho||Koshigaya-shi||3430816|JP|975.00|balance to our db
Added Order 1422079|hanako.raku@gmail.com|2079|1-4-3A, Yayoi-cho||Koshigaya-shi||3430816|JP|975.00|balance to our db
Added Order 1422081|pellegrinost@belmonthill.org|2081|77 Exeter St.|2602|Boston|Massachusetts|02116|US|1449.00|balance to our db
Added Order 1422081|pellegrinost@belmonthill.org|2081|77 Exeter St.|2602|Boston|Massachusetts|02116|US|1449.00|balance to our db
Added Order 1422082|eric4bell@gmail.com|2082|0199 Old Main Hill|LLC BLDG D STE 103|Logan|Utah|84322|US|1498.95|balance to our db
Added Order 1422082|eric4bell@gmail.com|2082|0199 Old Main Hill|LLC BLDG D STE 103|Logan|Utah|84322|US|1498.95|balance to our db
Added Order 1422083|omarghafoorzada@gmail.com|2083|86 Amby ave.||PLAINVIEW|New York|11803|US|1449.00|balance to our db
Added Order 1422083|omarghafoorzada@gmail.com|2083|86 Amby ave.||PLAINVIEW|New York|11803|US|1449.00|balance to our db
Added Order 1422085|kuta2015@gmail.com|2085|4460 S. Macgregor Way|Apt. #401 D|houston|Texas|77021|US|23.90|balance to our db
Added Order 1422085|kuta2015@gmail.com|2085|4460 S. Macgregor Way|Apt. #401 D|houston|Texas|77021|US|23.90|balance to our db
Added Order 1422085|kuta2015@gmail.com|2085|4460 S. Macgregor Way|Apt. #401 D|houston|Texas|77021|US|23.90|balance to our db
Added Order 1422086|brandonancier@gmail.com|2086|2501 Bryant St||San Francisco|California|94110-3417|US|1424.00|balance to our db
Added Order 1422086|brandonancier@gmail.com|2086|2501 Bryant St||San Francisco|California|94110-3417|US|1424.00|balance to our db
Added Order 1422087|Jon.Recht.13@gmail.com|2087|201 Harrison|Apt #629|San Francisco|California|94105|US|38.85|balance to our db
Added Order 1422087|Jon.Recht.13@gmail.com|2087|201 Harrison|Apt #629|San Francisco|California|94105|US|38.85|balance to our db
Added Order 1422087|Jon.Recht.13@gmail.com|2087|201 Harrison|Apt #629|San Francisco|California|94105|US|38.85|balance to our db
Added Order 1422088|shehma@yahoo.com|2088|1705 E shoal creek drive|CA|fresno|California|93730|US|108.95|balance to our db
Added Order 1422088|shehma@yahoo.com|2088|1705 E shoal creek drive|CA|fresno|California|93730|US|108.95|balance to our db
Added Order 1422088|shehma@yahoo.com|2088|1705 E shoal creek drive|CA|fresno|California|93730|US|108.95|balance to our db
Added Order 1422090|beves777@netzero.net|2090|4581 Adair St||San Diego|California|92107-3803|US|109.85|balance to our db
Added Order 1422090|beves777@netzero.net|2090|4581 Adair St||San Diego|California|92107-3803|US|109.85|balance to our db
Added Order 1422091|samliew09@gmail.com|2091|||||||800.00|balance to our db
Added Order 1422091|samliew09@gmail.com|2091|||||||800.00|balance to our db
Added Order 1422091|samliew09@gmail.com|2091|||||||800.00|balance to our db
Added Order 1422089|yossi@andromedia.co.il|2089|HaYarkon 242|apt 7|Tel Aviv-Yafo||6340531|IL|950.00|balance to our db
Added Order 1422089|yossi@andromedia.co.il|2089|HaYarkon 242|apt 7|Tel Aviv-Yafo||6340531|IL|950.00|balance to our db
Added Order 1422089|yossi@andromedia.co.il|2089|HaYarkon 242|apt 7|Tel Aviv-Yafo||6340531|IL|950.00|balance to our db
Added Order 1422092|18562591339@163.com|2092|1528 King St W||Toronto|Ontario|M6K 1J6|CA|1424.00|balance to our db
Added Order 1422092|18562591339@163.com|2092|1528 King St W||Toronto|Ontario|M6K 1J6|CA|1424.00|balance to our db
Added Order 1422093|omar@bpadvisers.com|2093|81 greene street|2|New York|New York|10012|US|1449.00|balance to our db
Added Order 1422093|omar@bpadvisers.com|2093|81 greene street|2|New York|New York|10012|US|1449.00|balance to our db
Added Order 1422094|alfredo.40@aol.com|2094|100 Hampton Court||San Bruno|California|94066|US|108.95|balance to our db
Added Order 1422094|alfredo.40@aol.com|2094|100 Hampton Court||San Bruno|California|94066|US|108.95|balance to our db
Added Order 1422095|dmerchan@gmail.com|2095|70 Oakridge Lane||Lexington |Virginia|24450|US|800.00|balance to our db
Added Order 1422095|dmerchan@gmail.com|2095|70 Oakridge Lane||Lexington |Virginia|24450|US|800.00|balance to our db
Added Order 1422095|dmerchan@gmail.com|2095|70 Oakridge Lane||Lexington |Virginia|24450|US|800.00|balance to our db
Added Order 1422096|alfredo.40@aol.com|2096|100 Hampton Court||San Bruno|California|94066|US|83.90|balance to our db
Added Order 1422096|alfredo.40@aol.com|2096|100 Hampton Court||San Bruno|California|94066|US|83.90|balance to our db
Added Order 1422096|alfredo.40@aol.com|2096|100 Hampton Court||San Bruno|California|94066|US|83.90|balance to our db
Added Order 1422097|asaph@ulab.com|2097|14, Treasure Island||Singapore||098348|SG|1424.00|balance to our db
Added Order 1422097|asaph@ulab.com|2097|14, Treasure Island||Singapore||098348|SG|1424.00|balance to our db
Added Order 1422098|yoshihikoshiraishi@gmail.com|2098|444 Washington Blvd|Apt 6438|Jersey City|New Jersey|07310|US|800.00|balance to our db
Added Order 1422098|yoshihikoshiraishi@gmail.com|2098|444 Washington Blvd|Apt 6438|Jersey City|New Jersey|07310|US|800.00|balance to our db
Added Order 1422098|yoshihikoshiraishi@gmail.com|2098|444 Washington Blvd|Apt 6438|Jersey City|New Jersey|07310|US|800.00|balance to our db
Added Order 1422102|sup3rkonarfr@gmail.com|2102|83 boulevard de la moselle|appt 192 résidence le symphonium|Lille||59000|FR|970.00|balance to our db
Added Order 1422102|sup3rkonarfr@gmail.com|2102|83 boulevard de la moselle|appt 192 résidence le symphonium|Lille||59000|FR|970.00|balance to our db
Added Order 1422100|Scott.n.foster@gmail.com|2100|6 Lochgoin Mews||Highton|Victoria|3216|AU|1005.00|balance to our db
Added Order 1422100|Scott.n.foster@gmail.com|2100|6 Lochgoin Mews||Highton|Victoria|3216|AU|1005.00|balance to our db
Added Order 1422100|Scott.n.foster@gmail.com|2100|6 Lochgoin Mews||Highton|Victoria|3216|AU|1005.00|balance to our db
Added Order 1422099|foolsgold.ags@gmail.com|2099|96 Signal Hill Way||Calgary|Alberta|T3H2V1|CA|890.00|balance to our db
Added Order 1422099|foolsgold.ags@gmail.com|2099|96 Signal Hill Way||Calgary|Alberta|T3H2V1|CA|890.00|balance to our db
Added Order 1422113|hanako.raku@gmail.com|2113|Kandaeito building 4-6-7 6F,|Sotokanda|Chiyoda||1010021|JP|7120.00|balance to our db
Added Order 1422113|hanako.raku@gmail.com|2113|Kandaeito building 4-6-7 6F,|Sotokanda|Chiyoda||1010021|JP|7120.00|balance to our db
Added Order 1422113|hanako.raku@gmail.com|2113|Kandaeito building 4-6-7 6F,|Sotokanda|Chiyoda||1010021|JP|7120.00|balance to our db
Added Order 1422113|hanako.raku@gmail.com|2113|Kandaeito building 4-6-7 6F,|Sotokanda|Chiyoda||1010021|JP|7120.00|balance to our db
Added Order 1422113|hanako.raku@gmail.com|2113|Kandaeito building 4-6-7 6F,|Sotokanda|Chiyoda||1010021|JP|7120.00|balance to our db
Added Order 1422113|hanako.raku@gmail.com|2113|Kandaeito building 4-6-7 6F,|Sotokanda|Chiyoda||1010021|JP|7120.00|balance to our db
Added Order 1422113|hanako.raku@gmail.com|2113|Kandaeito building 4-6-7 6F,|Sotokanda|Chiyoda||1010021|JP|7120.00|balance to our db
Added Order 1422113|hanako.raku@gmail.com|2113|Kandaeito building 4-6-7 6F,|Sotokanda|Chiyoda||1010021|JP|7120.00|balance to our db
Added Order 1422113|hanako.raku@gmail.com|2113|Kandaeito building 4-6-7 6F,|Sotokanda|Chiyoda||1010021|JP|7120.00|balance to our db
Added Order 1422113|hanako.raku@gmail.com|2113|Kandaeito building 4-6-7 6F,|Sotokanda|Chiyoda||1010021|JP|7120.00|balance to our db
Added Order 1422113|hanako.raku@gmail.com|2113|Kandaeito building 4-6-7 6F,|Sotokanda|Chiyoda||1010021|JP|7120.00|balance to our db
Added Order 1422113|hanako.raku@gmail.com|2113|Kandaeito building 4-6-7 6F,|Sotokanda|Chiyoda||1010021|JP|7120.00|balance to our db
Added Order 1422113|hanako.raku@gmail.com|2113|Kandaeito building 4-6-7 6F,|Sotokanda|Chiyoda||1010021|JP|7120.00|balance to our db
Added Order 1422113|hanako.raku@gmail.com|2113|Kandaeito building 4-6-7 6F,|Sotokanda|Chiyoda||1010021|JP|7120.00|balance to our db
Added Order 1422113|hanako.raku@gmail.com|2113|Kandaeito building 4-6-7 6F,|Sotokanda|Chiyoda||1010021|JP|7120.00|balance to our db
Added Order 1422113|hanako.raku@gmail.com|2113|Kandaeito building 4-6-7 6F,|Sotokanda|Chiyoda||1010021|JP|7120.00|balance to our db
Added Order 1422113|hanako.raku@gmail.com|2113|Kandaeito building 4-6-7 6F,|Sotokanda|Chiyoda||1010021|JP|7120.00|balance to our db
Added Order 1422113|hanako.raku@gmail.com|2113|Kandaeito building 4-6-7 6F,|Sotokanda|Chiyoda||1010021|JP|7120.00|balance to our db
Added Order 1422113|hanako.raku@gmail.com|2113|Kandaeito building 4-6-7 6F,|Sotokanda|Chiyoda||1010021|JP|7120.00|balance to our db
Added Order 1422113|hanako.raku@gmail.com|2113|Kandaeito building 4-6-7 6F,|Sotokanda|Chiyoda||1010021|JP|7120.00|balance to our db
Added Order 1422113|hanako.raku@gmail.com|2113|Kandaeito building 4-6-7 6F,|Sotokanda|Chiyoda||1010021|JP|7120.00|balance to our db
Added Order 1422113|hanako.raku@gmail.com|2113|Kandaeito building 4-6-7 6F,|Sotokanda|Chiyoda||1010021|JP|7120.00|balance to our db
Added Order 1422113|hanako.raku@gmail.com|2113|Kandaeito building 4-6-7 6F,|Sotokanda|Chiyoda||1010021|JP|7120.00|balance to our db
Added Order 1422113|hanako.raku@gmail.com|2113|Kandaeito building 4-6-7 6F,|Sotokanda|Chiyoda||1010021|JP|7120.00|balance to our db
Added Order 1422113|hanako.raku@gmail.com|2113|Kandaeito building 4-6-7 6F,|Sotokanda|Chiyoda||1010021|JP|7120.00|balance to our db
Added Order 1422113|hanako.raku@gmail.com|2113|Kandaeito building 4-6-7 6F,|Sotokanda|Chiyoda||1010021|JP|7120.00|balance to our db
Added Order 1422113|hanako.raku@gmail.com|2113|Kandaeito building 4-6-7 6F,|Sotokanda|Chiyoda||1010021|JP|7120.00|balance to our db
Added Order 1422113|hanako.raku@gmail.com|2113|Kandaeito building 4-6-7 6F,|Sotokanda|Chiyoda||1010021|JP|7120.00|balance to our db
Added Order 1422114|V2nckotek@gmail.com|2114|21 Morland Avenue||Adelaide|South Australia|5066|AU|1399.00|balance to our db
Added Order 1422114|V2nckotek@gmail.com|2114|21 Morland Avenue||Adelaide|South Australia|5066|AU|1399.00|balance to our db
Added Order 1422113|hanako.raku@gmail.com|2113|Kandaeito building 4-6-7 6F,|Sotokanda|Chiyoda||1010021|JP|7120.00|balance to our db
Added Order 1422113|hanako.raku@gmail.com|2113|Kandaeito building 4-6-7 6F,|Sotokanda|Chiyoda||1010021|JP|7120.00|balance to our db
Added Order 1422113|hanako.raku@gmail.com|2113|Kandaeito building 4-6-7 6F,|Sotokanda|Chiyoda||1010021|JP|7120.00|balance to our db
Added Order 1422113|hanako.raku@gmail.com|2113|Kandaeito building 4-6-7 6F,|Sotokanda|Chiyoda||1010021|JP|7120.00|balance to our db
Added Order 1422113|hanako.raku@gmail.com|2113|Kandaeito building 4-6-7 6F,|Sotokanda|Chiyoda||1010021|JP|7120.00|balance to our db
Added Order 1422113|hanako.raku@gmail.com|2113|Kandaeito building 4-6-7 6F,|Sotokanda|Chiyoda||1010021|JP|7120.00|balance to our db
Added Order 1422113|hanako.raku@gmail.com|2113|Kandaeito building 4-6-7 6F,|Sotokanda|Chiyoda||1010021|JP|7120.00|balance to our db
Added Order 1422113|hanako.raku@gmail.com|2113|Kandaeito building 4-6-7 6F,|Sotokanda|Chiyoda||1010021|JP|7120.00|balance to our db
Added Order 1422113|hanako.raku@gmail.com|2113|Kandaeito building 4-6-7 6F,|Sotokanda|Chiyoda||1010021|JP|7120.00|balance to our db
Added Order 1422113|hanako.raku@gmail.com|2113|Kandaeito building 4-6-7 6F,|Sotokanda|Chiyoda||1010021|JP|7120.00|balance to our db
Added Order 1422113|hanako.raku@gmail.com|2113|Kandaeito building 4-6-7 6F,|Sotokanda|Chiyoda||1010021|JP|7120.00|balance to our db
Added Order 1422113|hanako.raku@gmail.com|2113|Kandaeito building 4-6-7 6F,|Sotokanda|Chiyoda||1010021|JP|7120.00|balance to our db
Added Order 1422113|hanako.raku@gmail.com|2113|Kandaeito building 4-6-7 6F,|Sotokanda|Chiyoda||1010021|JP|7120.00|balance to our db
Added Order 1422113|hanako.raku@gmail.com|2113|Kandaeito building 4-6-7 6F,|Sotokanda|Chiyoda||1010021|JP|7120.00|balance to our db
Added Order 1422113|hanako.raku@gmail.com|2113|Kandaeito building 4-6-7 6F,|Sotokanda|Chiyoda||1010021|JP|7120.00|balance to our db
Added Order 1422113|hanako.raku@gmail.com|2113|Kandaeito building 4-6-7 6F,|Sotokanda|Chiyoda||1010021|JP|7120.00|balance to our db
Added Order 1422119|seth.ryan.mckenzie@gmail.com|2119|1837creekside drive ||Norman|Oklahoma|73071|US|23.90|balance to our db
Added Order 1422119|seth.ryan.mckenzie@gmail.com|2119|1837creekside drive ||Norman|Oklahoma|73071|US|23.90|balance to our db
Added Order 1422119|seth.ryan.mckenzie@gmail.com|2119|1837creekside drive ||Norman|Oklahoma|73071|US|23.90|balance to our db
Added Order 1422113|hanako.raku@gmail.com|2113|Kandaeito building 4-6-7 6F,|Sotokanda|Chiyoda||1010021|JP|7120.00|balance to our db
Added Order 1422113|hanako.raku@gmail.com|2113|Kandaeito building 4-6-7 6F,|Sotokanda|Chiyoda||1010021|JP|7120.00|balance to our db
Added Order 1422113|hanako.raku@gmail.com|2113|Kandaeito building 4-6-7 6F,|Sotokanda|Chiyoda||1010021|JP|7120.00|balance to our db
Added Order 1422113|hanako.raku@gmail.com|2113|Kandaeito building 4-6-7 6F,|Sotokanda|Chiyoda||1010021|JP|7120.00|balance to our db
Added Order 1422113|hanako.raku@gmail.com|2113|Kandaeito building 4-6-7 6F,|Sotokanda|Chiyoda||1010021|JP|7120.00|balance to our db
Added Order 1422113|hanako.raku@gmail.com|2113|Kandaeito building 4-6-7 6F,|Sotokanda|Chiyoda||1010021|JP|7120.00|balance to our db
Added Order 1422120|jamespaicontact@gmail.com|2120|5925 190A Street||Surrey|British Columbia|V3S 7W5|CA|1424.00|balance to our db
Added Order 1422120|jamespaicontact@gmail.com|2120|5925 190A Street||Surrey|British Columbia|V3S 7W5|CA|1424.00|balance to our db
Added Order 1422113|hanako.raku@gmail.com|2113|Kandaeito building 4-6-7 6F,|Sotokanda|Chiyoda||1010021|JP|7120.00|balance to our db
Added Order 1422113|hanako.raku@gmail.com|2113|Kandaeito building 4-6-7 6F,|Sotokanda|Chiyoda||1010021|JP|7120.00|balance to our db
Added Order 1422113|hanako.raku@gmail.com|2113|Kandaeito building 4-6-7 6F,|Sotokanda|Chiyoda||1010021|JP|7120.00|balance to our db
Added Order 1422113|hanako.raku@gmail.com|2113|Kandaeito building 4-6-7 6F,|Sotokanda|Chiyoda||1010021|JP|7120.00|balance to our db
